CrudJSON/app/build/outputs/logs/manifest-merger-debug-report.txt
-- Merging decision tree log ---
manifest
ADDED from src\main\AndroidManifest.xml:2:1-56:12
	package
		ADDED from src\main\AndroidManifest.xml:3:5-31
		INJECTED from src\main\AndroidManifest.xml
		INJECTED from src\main\AndroidManifest.xml
	android:versionName
		ADDED from src\main\AndroidManifest.xml:5:5-30
		INJECTED from src\main\AndroidManifest.xml
		INJECTED from src\main\AndroidManifest.xml
	android:versionCode
		ADDED from src\main\AndroidManifest.xml:4:5-28
		INJECTED from src\main\AndroidManifest.xml
		INJECTED from src\main\AndroidManifest.xml
	xmlns:android
		ADDED from src\main\AndroidManifest.xml:2:11-69
uses-sdk
ADDED from src\main\AndroidManifest.xml:7:5-9:41
MERGED from [com.android.support:support-v4:22.2.0] AndroidManifest.xml:20:5-43
MERGED from [com.google.android.gms:play-services-appindexing:8.1.0] AndroidManifest.xml:18:5-42
MERGED from [com.google.android.gms:play-services-basement:8.1.0] AndroidManifest.xml:18:5-42
MERGED from [com.android.support:support-v4:22.2.0] AndroidManifest.xml:20:5-43
	android:targetSdkVersion
		ADDED from src\main\AndroidManifest.xml:9:9-38
		INJECTED from src\main\AndroidManifest.xml
		INJECTED from src\main\AndroidManifest.xml
	android:minSdkVersion
		ADDED from src\main\AndroidManifest.xml:8:9-35
		INJECTED from src\main\AndroidManifest.xml
		INJECTED from src\main\AndroidManifest.xml
uses-permission#android.permission.INTERNET
ADDED from src\main\AndroidManifest.xml:12:5-67
	android:name
		ADDED from src\main\AndroidManifest.xml:12:22-64
uses-permission#android.permission.WRITE_EXTERNAL_STORAGE
ADDED from src\main\AndroidManifest.xml:14:5-81
	android:name
		ADDED from src\main\AndroidManifest.xml:14:22-78
uses-permission#android.permission.READ_PHONE_STATE
ADDED from src\main\AndroidManifest.xml:15:5-75
	android:name
		ADDED from src\main\AndroidManifest.xml:15:22-72
uses-permission#android.permission.READ_EXTERNAL_STORAGE
ADDED from src\main\AndroidManifest.xml:16:5-80
	android:name
		ADDED from src\main\AndroidManifest.xml:16:22-77
application
ADDED from src\main\AndroidManifest.xml:18:5-54:19
MERGED from [com.android.support:support-v4:22.2.0] AndroidManifest.xml:22:5-20
MERGED from [com.google.android.gms:play-services-appindexing:8.1.0] AndroidManifest.xml:19:5-20
MERGED from [com.google.android.gms:play-services-basement:8.1.0] AndroidManifest.xml:20:5-24:19
MERGED from [com.android.support:support-v4:22.2.0] AndroidManifest.xml:22:5-20
	android:label
		ADDED from src\main\AndroidManifest.xml:21:9-41
	android:configChanges
		ADDED from src\main\AndroidManifest.xml:19:9-59
	android:icon
		ADDED from src\main\AndroidManifest.xml:20:9-45
activity#ang.latihan.json.Splash
ADDED from src\main\AndroidManifest.xml:22:9-30:20
	android:name
		ADDED from src\main\AndroidManifest.xml:23:13-35
intent-filter#android.intent.action.MAIN+android.intent.category.LAUNCHER
ADDED from src\main\AndroidManifest.xml:25:13-29:29
action#android.intent.action.MAIN
ADDED from src\main\AndroidManifest.xml:26:17-69
	android:name
		ADDED from src\main\AndroidManifest.xml:26:25-66
category#android.intent.category.LAUNCHER
ADDED from src\main\AndroidManifest.xml:28:17-77
	android:name
		ADDED from src\main\AndroidManifest.xml:28:27-74
activity#ang.latihan.json.DetailCandiActivity
ADDED from src\main\AndroidManifest.xml:33:9-35:45
	android:label
		ADDED from src\main\AndroidManifest.xml:35:13-42
	android:name
		ADDED from src\main\AndroidManifest.xml:34:13-48
activity#ang.latihan.json.HalamanUtamaActivity
ADDED from src\main\AndroidManifest.xml:36:9-38:46
	android:label
		ADDED from src\main\AndroidManifest.xml:38:13-43
	android:name
		ADDED from src\main\AndroidManifest.xml:37:13-49
activity#ang.latihan.json.DaftarCandiActivity
ADDED from src\main\AndroidManifest.xml:39:9-41:43
	android:label
		ADDED from src\main\AndroidManifest.xml:41:13-40
	android:name
		ADDED from src\main\AndroidManifest.xml:40:13-48
activity#ang.latihan.json.TambahEventActivity
ADDED from src\main\AndroidManifest.xml:43:9-45:46
	android:label
		ADDED from src\main\AndroidManifest.xml:45:13-43
	android:name
		ADDED from src\main\AndroidManifest.xml:44:13-48
activity#ang.latihan.json.EditEventActivity
ADDED from src\main\AndroidManifest.xml:48:9-50:44
	android:label
		ADDED from src\main\AndroidManifest.xml:50:13-41
	android:name
		ADDED from src\main\AndroidManifest.xml:49:13-46
activity#ang.latihan.json.DaftarEventActivity
ADDED from src\main\AndroidManifest.xml:51:9-53:67
	android:label
		ADDED from src\main\AndroidManifest.xml:53:13-64
	android:name
		ADDED from src\main\AndroidManifest.xml:52:13-48
meta-data#com.google.android.gms.version
ADDED from [com.google.android.gms:play-services-basement:8.1.0] AndroidManifest.xml:21:9-23:69
	android:value
		ADDED from [com.google.android.gms:play-services-basement:8.1.0] AndroidManifest.xml:23:13-66
	android:name
		ADDED from [com.google.android.gms:play-services-basement:8.1.0] AndroidManifest.xml:22:13-58